<?xml version="1.0" encoding="UTF-8"?>
<!-- Generated by org.testng.reporters.JUnitReportReporter -->
<testsuite skipped="0" hostname="4MSM162" name="TestNgBasics" tests="5" failures="0" timestamp="28 May 2021 15:13:36 GMT" time="0.031" errors="0">
  <testcase name="googletitletest" time="0.011" classname="TestNgBasics"/>
  <testcase name="enterusername" time="0.010" classname="TestNgBasics"/>
  <testcase name="enterpassword" time="0.005" classname="TestNgBasics"/>
  <testcase name="entervalue" time="0.000" classname="TestNgBasics"/>
  <testcase name="test" time="0.005" classname="TestNgBasics"/>
</testsuite> <!-- TestNgBasics -->
